<?xml version="1.0" encoding="UTF-8"?>
<testng-results skipped="0" failed="0" ignored="0" total="1" passed="1">
  <reporter-output>
  </reporter-output>
  <suite name="Default suite" duration-ms="5332" started-at="2019-10-16T07:16:35Z" finished-at="2019-10-16T07:16:41Z">
    <groups>
    </groups>
    <test name="Default test" duration-ms="5332" started-at="2019-10-16T07:16:35Z" finished-at="2019-10-16T07:16:41Z">
      <class name="TestPackage.Twitter">
        <test-method status="PASS" signature="getTweet()[pri:0, instance:TestPackage.Twitter@271053e1]" name="getTweet" duration-ms="5283" started-at="2019-10-16T12:46:35Z" finished-at="2019-10-16T12:46:41Z">
          <reporter-output>
          </reporter-output>
        </test-method> <!-- getTweet -->
      </class> <!-- TestPackage.Twitter -->
    </test> <!-- Default test -->
  </suite> <!-- Default suite -->
</testng-results>
